sdk-core/build/outputs/mapping/release/seeds.txt
com.alltrack.sdk.AlltrackPlayStoreSubscription
com.alltrack.sdk.scheduler.ThreadFactoryWrapper
com.alltrack.sdk.AttributionHandler
com.alltrack.sdk.network.UrlStrategy
com.alltrack.sdk.Util
com.alltrack.sdk.ILogger
com.alltrack.sdk.ActivityState
com.alltrack.sdk.InstallReferrerReadListener
com.alltrack.sdk.Reflection
com.alltrack.sdk.scheduler.SingleThreadCachedScheduler
com.alltrack.sdk.AlltrackFactory
com.alltrack.sdk.network.IActivityPackageSender$ResponseDataCallbackSubscriber
com.alltrack.sdk.ActivityHandler
com.alltrack.sdk.ActivityKind
com.alltrack.sdk.OnSessionTrackingFailedListener
com.alltrack.sdk.ActivityPackage
com.alltrack.sdk.AlltrackThirdPartySharing
com.alltrack.sdk.network.UtilNetworking$IHttpsURLConnectionProvider
com.alltrack.sdk.TrackingState
com.alltrack.sdk.InstallReferrer
com.alltrack.sdk.AlltrackInstance
com.alltrack.sdk.AlltrackEventFailure
com.alltrack.sdk.scheduler.ThreadExecutor
com.alltrack.sdk.AlltrackLinkResolution
com.alltrack.sdk.AlltrackPreinstallReferrerReceiver
com.alltrack.sdk.OnEventTrackingFailedListener
com.alltrack.sdk.AlltrackConfig
com.alltrack.sdk.AlltrackReferrerReceiver
com.alltrack.sdk.EventResponseData
com.alltrack.sdk.OnEventTrackingSucceededListener
com.alltrack.sdk.AlltrackEventSuccess
com.alltrack.sdk.ISdkClickHandler
com.alltrack.sdk.ReferrerDetails
com.alltrack.sdk.PreinstallUtil
com.alltrack.sdk.Constants
com.alltrack.sdk.OnDeviceIdsRead
com.alltrack.sdk.scheduler.ThreadScheduler
com.alltrack.sdk.GooglePlayServicesClient
com.alltrack.sdk.AlltrackAttribution
com.alltrack.sdk.InstallReferrerHuawei
com.alltrack.sdk.network.IActivityPackageSender
com.alltrack.sdk.BuildConfig
com.alltrack.sdk.SdkClickResponseData
com.alltrack.sdk.scheduler.TimerCycle
com.alltrack.sdk.SharedPreferencesManager
com.alltrack.sdk.IAttributionHandler
com.alltrack.sdk.AlltrackEvent
com.alltrack.sdk.PackageBuilder
com.alltrack.sdk.network.UtilNetworking$IConnectionOptions
com.alltrack.sdk.IPackageHandler
com.alltrack.sdk.AndroidIdUtil
com.alltrack.sdk.AlltrackSessionFailure
com.alltrack.sdk.scheduler.AsyncTaskExecutor
com.alltrack.sdk.AlltrackAdRevenue
com.alltrack.sdk.scheduler.RunnableWrapper
com.alltrack.sdk.scheduler.TimerOnce
com.alltrack.sdk.AlltrackLinkResolution$AlltrackLinkResolutionCallback
com.alltrack.sdk.Alltrack
com.alltrack.sdk.LogLevel
com.alltrack.sdk.BackoffStrategy
com.alltrack.sdk.network.UtilNetworking
com.alltrack.sdk.AlltrackInstance$PreLaunchActions
com.alltrack.sdk.R
com.alltrack.sdk.IRunActivityHandler
com.alltrack.sdk.scheduler.FutureScheduler
com.alltrack.sdk.ActivityHandler$InternalState
com.alltrack.sdk.AlltrackSessionSuccess
com.alltrack.sdk.SessionParameters
com.alltrack.sdk.SessionResponseData
com.alltrack.sdk.SdkClickHandler
com.alltrack.sdk.scheduler.SingleThreadFutureScheduler
com.alltrack.sdk.GooglePlayServicesClient$GooglePlayServicesInfo
com.alltrack.sdk.OnDeeplinkResponseListener
com.alltrack.sdk.AlltrackSigner
com.alltrack.sdk.OnSessionTrackingSucceededListener
com.alltrack.sdk.AlltrackTestOptions
com.alltrack.sdk.network.ActivityPackageSender
com.alltrack.sdk.Logger
com.alltrack.sdk.IActivityHandler
com.alltrack.sdk.ResponseData
com.alltrack.sdk.AttributionResponseData
com.alltrack.sdk.PackageFactory
com.alltrack.sdk.AlltrackFactory$URLGetConnection
com.alltrack.sdk.OnAttributionChangedListener
com.alltrack.sdk.PackageHandler
com.alltrack.sdk.ActivityState: long installBeginServer
com.alltrack.sdk.ActivityHandler: com.alltrack.sdk.ISdkClickHandler sdkClickHandler
com.alltrack.sdk.AlltrackAttribution: java.lang.Double costAmount
com.alltrack.sdk.ActivityPackage: java.util.Map callbackParameters
com.alltrack.sdk.PackageBuilder: java.lang.String reftag
com.alltrack.sdk.AlltrackEventSuccess: java.lang.String message
com.alltrack.sdk.AlltrackEventFailure: java.lang.String adid
com.alltrack.sdk.AlltrackInstance$PreLaunchActions: java.util.List preLaunchAlltrackThirdPartySharingArray
com.alltrack.sdk.InstallReferrer: int STATUS_FEATURE_NOT_SUPPORTED