sdk-core/build/outputs/mapping/release/mapping.txt
# compiler: R8
# compiler_version: 3.2.74
# common_typos_disable
# {"id":"com.android.tools.r8.mapping","version":"2.0"}
# pg_map_id: e117a9b
# pg_map_hash: SHA-256 e117a9bb6ef67e69b656a7065c9a8ef88788a36d3d418187d527e731d7d8c5a0
com.alltrack.sdk.ActivityHandler$1 -> com.alltrack.sdk.ActivityHandler$k:
    com.alltrack.sdk.ActivityHandler this$0 -> a
com.alltrack.sdk.ActivityHandler$10 -> com.alltrack.sdk.ActivityHandler$a:
    com.alltrack.sdk.ActivityHandler this$0 -> a
com.alltrack.sdk.ActivityHandler$11 -> com.alltrack.sdk.ActivityHandler$b:
    com.alltrack.sdk.ActivityHandler this$0 -> c
    com.alltrack.sdk.ReferrerDetails val$referrerDetails -> a
    java.lang.String val$referrerApi -> b
com.alltrack.sdk.ActivityHandler$12 -> com.alltrack.sdk.ActivityHandler$c:
    com.alltrack.sdk.EventResponseData val$eventResponseData -> a
    com.alltrack.sdk.ActivityHandler this$0 -> b
com.alltrack.sdk.ActivityHandler$13 -> com.alltrack.sdk.ActivityHandler$d:
    com.alltrack.sdk.SdkClickResponseData val$sdkClickResponseData -> a
    com.alltrack.sdk.ActivityHandler this$0 -> b
com.alltrack.sdk.ActivityHandler$14 -> com.alltrack.sdk.ActivityHandler$e:
    com.alltrack.sdk.ActivityHandler this$0 -> b
    com.alltrack.sdk.SessionResponseData val$sessionResponseData -> a
com.alltrack.sdk.ActivityHandler$15 -> com.alltrack.sdk.ActivityHandler$f:
    com.alltrack.sdk.AttributionResponseData val$attributionResponseData -> a
    com.alltrack.sdk.ActivityHandler this$0 -> b
com.alltrack.sdk.ActivityHandler$16 -> com.alltrack.sdk.ActivityHandler$g:
    com.alltrack.sdk.ActivityHandler this$0 -> a
com.alltrack.sdk.ActivityHandler$17 -> com.alltrack.sdk.ActivityHandler$h:
    com.alltrack.sdk.ActivityHandler this$0 -> c
    java.lang.String val$key -> a
    java.lang.String val$value -> b
com.alltrack.sdk.ActivityHandler$18 -> com.alltrack.sdk.ActivityHandler$i:
    com.alltrack.sdk.ActivityHandler this$0 -> c
    java.lang.String val$key -> a
    java.lang.String val$value -> b
com.alltrack.sdk.ActivityHandler$19 -> com.alltrack.sdk.ActivityHandler$j:
    com.alltrack.sdk.ActivityHandler this$0 -> b
    java.lang.String val$key -> a
com.alltrack.sdk.ActivityHandler$2 -> com.alltrack.sdk.ActivityHandler$v:
    com.alltrack.sdk.ActivityHandler this$0 -> a
com.alltrack.sdk.ActivityHandler$20 -> com.alltrack.sdk.ActivityHandler$l:
    com.alltrack.sdk.ActivityHandler this$0 -> b
    java.lang.String val$key -> a
com.alltrack.sdk.ActivityHandler$21 -> com.alltrack.sdk.ActivityHandler$m:
    com.alltrack.sdk.ActivityHandler this$0 -> a
com.alltrack.sdk.ActivityHandler$22 -> com.alltrack.sdk.ActivityHandler$n:
    com.alltrack.sdk.ActivityHandler this$0 -> a
com.alltrack.sdk.ActivityHandler$23 -> com.alltrack.sdk.ActivityHandler$o:
    com.alltrack.sdk.ActivityHandler this$0 -> c
    boolean val$preSaved -> a
    java.lang.String val$token -> b
com.alltrack.sdk.ActivityHandler$24 -> com.alltrack.sdk.ActivityHandler$p:
    com.alltrack.sdk.ActivityHandler this$0 -> a
com.alltrack.sdk.ActivityHandler$25 -> com.alltrack.sdk.ActivityHandler$q:
    com.alltrack.sdk.ActivityHandler this$0 -> a
com.alltrack.sdk.ActivityHandler$26 -> com.alltrack.sdk.ActivityHandler$r:
    com.alltrack.sdk.ActivityHandler this$0 -> b
    com.alltrack.sdk.AlltrackThirdPartySharing val$alltrackThirdPartySharing -> a
com.alltrack.sdk.ActivityHandler$27 -> com.alltrack.sdk.ActivityHandler$s:
    com.alltrack.sdk.ActivityHandler this$0 -> b
    boolean val$consentMeasurement -> a
com.alltrack.sdk.ActivityHandler$28 -> com.alltrack.sdk.ActivityHandler$t:
    org.json.JSONObject val$adRevenueJson -> b
    com.alltrack.sdk.ActivityHandler this$0 -> c
    java.lang.String val$source -> a
com.alltrack.sdk.ActivityHandler$29 -> com.alltrack.sdk.ActivityHandler$u:
    com.alltrack.sdk.ActivityHandler this$0 -> b
    com.alltrack.sdk.AlltrackAdRevenue val$alltrackAdRevenue -> a
com.alltrack.sdk.ActivityHandler$3 -> com.alltrack.sdk.ActivityHandler$g0:
    com.alltrack.sdk.ActivityHandler this$0 -> a
com.alltrack.sdk.ActivityHandler$30 -> com.alltrack.sdk.ActivityHandler$w:
    com.alltrack.sdk.ActivityHandler this$0 -> b
    com.alltrack.sdk.AlltrackPlayStoreSubscription val$subscription -> a