sdk-core/build/outputs/mapping/release/usage.txt
com.alltrack.sdk.DeviceInfo:
    private static final java.lang.String OFFICIAL_FACEBOOK_SIGNATURE
com.alltrack.sdk.AlltrackFactory:
    public static void <clinit>()
com.alltrack.sdk.AlltrackInstance$1:
    public final synthetic com.alltrack.sdk.AlltrackInstance this$0
com.alltrack.sdk.AlltrackInstance$2:
    public final synthetic com.alltrack.sdk.AlltrackInstance this$0
com.alltrack.sdk.AlltrackInstance$3:
    public final synthetic com.alltrack.sdk.AlltrackInstance this$0
com.alltrack.sdk.AlltrackInstance$4:
    public final synthetic com.alltrack.sdk.AlltrackInstance this$0
com.alltrack.sdk.AlltrackInstance$5:
    public final synthetic com.alltrack.sdk.AlltrackInstance this$0
com.alltrack.sdk.AlltrackInstance$6:
    public final synthetic com.alltrack.sdk.AlltrackInstance this$0
com.alltrack.sdk.AlltrackSigner:
    public static void <clinit>()
com.alltrack.sdk.DeviceInfo:
    public final void getOsName()
com.alltrack.sdk.GooglePlayServicesClient$GooglePlayServicesInterface
com.alltrack.sdk.Logger:
    public static void <clinit>()
com.alltrack.sdk.PackageBuilder$ActivityStateCopy:
    public final synthetic com.alltrack.sdk.PackageBuilder this$0
com.alltrack.sdk.Util$2:
    public final java.lang.String call()
com.alltrack.sdk.Util$3:
    public final java.lang.Boolean call()
com.alltrack.sdk.Util$4:
    public final varargs java.lang.String doInBackground(android.content.Context[])
    public final void onPostExecute(java.lang.String)
com.alltrack.sdk.scheduler.SingleThreadCachedScheduler$1:
    public final synthetic com.alltrack.sdk.scheduler.SingleThreadCachedScheduler this$0
com.alltrack.sdk.scheduler.SingleThreadFutureScheduler$1:
    public final synthetic com.alltrack.sdk.scheduler.SingleThreadFutureScheduler this$0
com.alltrack.sdk.scheduler.SingleThreadFutureScheduler$2:
    public final synthetic com.alltrack.sdk.scheduler.SingleThreadFutureScheduler this$0
com.alltrack.sdk.scheduler.ThreadFactoryWrapper$1:
    public final synthetic com.alltrack.sdk.scheduler.ThreadFactoryWrapper this$0